<?xml version="1.0" encoding="UTF-8"?>
<testng-results ignored="0" total="1" passed="1" failed="0" skipped="0">
  <reporter-output>
  </reporter-output>
  <suite started-at="2022-12-07T13:52:16 BDT" name="Default suite" finished-at="2022-12-07T13:52:18 BDT" duration-ms="2305">
    <groups>
    </groups>
    <test started-at="2022-12-07T13:52:16 BDT" name="Default test" finished-at="2022-12-07T13:52:18 BDT" duration-ms="2305">
      <class name="demo.TestRest">
        <test-method is-config="true" signature="init()[pri:0, instance:demo.TestRest@4a7f959b]" started-at="2022-12-07T13:52:16 BDT" name="init" finished-at="2022-12-07T13:52:16 BDT" duration-ms="351" status="PASS">
          <reporter-output>
          </reporter-output>
        </test-method> <!-- init -->
        <test-method signature="testPost()[pri:0, instance:demo.TestRest@4a7f959b]" started-at="2022-12-07T13:52:16 BDT" name="testPost" finished-at="2022-12-07T13:52:18 BDT" duration-ms="1925" status="PASS">
          <reporter-output>
          </reporter-output>
        </test-method> <!-- testPost -->
      </class> <!-- demo.TestRest -->
    </test> <!-- Default test -->
  </suite> <!-- Default suite -->
</testng-results>
