<?xml version="1.0" encoding="UTF-8"?>
<testng-results ignored="0" total="3" passed="3" failed="0" skipped="0">
  <reporter-output>
  </reporter-output>
  <suite started-at="2022-12-05T23:47:07 BDT" name="Default suite" finished-at="2022-12-05T23:47:09 BDT" duration-ms="1868">
    <groups>
    </groups>
    <test started-at="2022-12-05T23:47:07 BDT" name="Default test" finished-at="2022-12-05T23:47:09 BDT" duration-ms="1868">
      <class name="demo.TestRest">
        <test-method signature="testPost_02(java.lang.Object,java.lang.Object)[pri:0, instance:demo.TestRest@5fd4f8f5]" started-at="2022-12-05T23:47:09 BDT" name="testPost_02" data-provider="ExcelData" finished-at="2022-12-05T23:47:09 BDT" duration-ms="57" status="PASS">
          <params>
            <param index="0">
              <value>
                <![CDATA[Sanaul]]>
              </value>
            </param>
            <param index="1">
              <value>
                <![CDATA[1.0]]>
              </value>
            </param>
          </params>
          <reporter-output>
          </reporter-output>
        </test-method> <!-- testPost_02 -->
        <test-method signature="testPost_02(java.lang.Object,java.lang.Object)[pri:0, instance:demo.TestRest@5fd4f8f5]" started-at="2022-12-05T23:47:09 BDT" name="testPost_02" data-provider="ExcelData" finished-at="2022-12-05T23:47:09 BDT" duration-ms="4" status="PASS">
          <params>
            <param index="0">
              <value>
                <![CDATA[Nazia]]>
              </value>
            </param>
            <param index="1">
              <value>
                <![CDATA[2.0]]>
              </value>
            </param>
          </params>
          <reporter-output>
          </reporter-output>
        </test-method> <!-- testPost_02 -->
        <test-method signature="testPost_02(java.lang.Object,java.lang.Object)[pri:0, instance:demo.TestRest@5fd4f8f5]" started-at="2022-12-05T23:47:09 BDT" name="testPost_02" data-provider="ExcelData" finished-at="2022-12-05T23:47:09 BDT" duration-ms="8" status="PASS">
          <params>
            <param index="0">
              <value>
                <![CDATA[Safir ]]>
              </value>
            </param>
            <param index="1">
              <value>
                <![CDATA[3.0]]>
              </value>
            </param>
          </params>
          <reporter-output>
          </reporter-output>
        </test-method> <!-- testPost_02 -->
      </class> <!-- demo.TestRest -->
    </test> <!-- Default test -->
  </suite> <!-- Default suite -->
</testng-results>
