<?xml version="1.0" encoding="UTF-8"?>
<!-- Generated by org.testng.reporters.JUnitXMLReporter -->
<testsuite ignored="0" hostname="DESKTOP-KAFRPIC" failures="0" tests="3" name="Default test" time="0.755" errors="0" timestamp="2022-12-07T13:13:06 BDT">
  <testcase classname="demo.TestRest" name="testPost_02" time="0.008"/>
  <testcase classname="demo.TestRest" name="testPost_02" time="0.001"/>
  <testcase classname="demo.TestRest" name="testPost_02" time="0.001"/>
</testsuite> <!-- Default test -->
